\BOOKMARK [1][-]{section.1}{Percentu\341lny podiel pr\341ce autov na projekte}{}% 1
\BOOKMARK [1][-]{section.2}{\227pecifik\341cia projektu: Repozit\341r - digit\341lna kni\236nica}{}% 2
\BOOKMARK [2][-]{subsection.2.1}{\332vod}{section.2}% 3
\BOOKMARK [2][-]{subsection.2.2}{\227pecifik\341cia}{section.2}% 4
\BOOKMARK [2][-]{subsection.2.3}{Obmedzenia}{section.2}% 5
\BOOKMARK [2][-]{subsection.2.4}{Vypracovanie projektu}{section.2}% 6
\BOOKMARK [1][-]{section.3}{N\341vrh, anal\375za a opis biznis procesov}{}% 7
\BOOKMARK [2][-]{subsection.3.1}{D\341tov\375 model}{section.3}% 8
\BOOKMARK [2][-]{subsection.3.2}{Biznis proces upload a bibliographic record}{section.3}% 9
\BOOKMARK [3][-]{subsubsection.3.2.1}{Ciel biznis procesu}{subsection.3.2}% 10
\BOOKMARK [3][-]{subsubsection.3.2.2}{Pou\236\355vatelsk\351 roly}{subsection.3.2}% 11
\BOOKMARK [3][-]{subsubsection.3.2.3}{Biznis objekty}{subsection.3.2}% 12
\BOOKMARK [3][-]{subsubsection.3.2.4}{Kroky procesu upload a bibliographic record}{subsection.3.2}% 13
\BOOKMARK [1][-]{section.4}{Implement\341cia syst\351mov\375ch \372loh}{}% 14
\BOOKMARK [2][-]{subsection.4.1}{Webov\341 slu\236ba: Z\355skanie vedeckej publik\341cie}{section.4}% 15
\BOOKMARK [2][-]{subsection.4.2}{Webov\341 slu\236ba: Z\355skanie v\235etk\375ch vedeck\375ch publik\341ci\355}{section.4}% 16
\BOOKMARK [2][-]{subsection.4.3}{Webov\341 slu\236ba: Z\355skanie vedeck\375ch publik\341ci\355 na z\341klade atrib\372tu}{section.4}% 17
\BOOKMARK [2][-]{subsection.4.4}{Webov\341 slu\236ba: Vlo\236enie vedeckej publik\341cie}{section.4}% 18
\BOOKMARK [2][-]{subsection.4.5}{Webov\341 slu\236ba: Z\355skanie v\235etk\375ch vedeck\375ch konferenci\355}{section.4}% 19
\BOOKMARK [2][-]{subsection.4.6}{Webov\341 slu\236ba: Vlo\236enie vedeckej konferencie}{section.4}% 20
\BOOKMARK [2][-]{subsection.4.7}{Webov\341 slu\236ba: Z\355skanie v\235etk\375ch digit\341lnych objektov}{section.4}% 21
\BOOKMARK [2][-]{subsection.4.8}{Webov\341 slu\236ba: Vlo\236enie digit\341lneho objektu}{section.4}% 22
\BOOKMARK [2][-]{subsection.4.9}{Webov\341 slu\236ba: Z\355skanie zborn\355ka podla vedeckej konferencie}{section.4}% 23
\BOOKMARK [2][-]{subsection.4.10}{Webov\341 slu\236ba: Z\355skanie v\235etk\375ch in\235tit\372ci\355}{section.4}% 24
\BOOKMARK [2][-]{subsection.4.11}{Webov\341 slu\236ba: Vlo\236enie in\235tit\372cie}{section.4}% 25
\BOOKMARK [2][-]{subsection.4.12}{Webov\341 slu\236ba: Z\355skanie knihovn\355ka}{section.4}% 26
\BOOKMARK [2][-]{subsection.4.13}{Webov\341 slu\236ba: Z\355skanie v\235etk\375ch knihovn\355kov}{section.4}% 27
\BOOKMARK [2][-]{subsection.4.14}{Webov\341 slu\236ba: Vlo\236enie knihovn\355ka}{section.4}% 28
\BOOKMARK [2][-]{subsection.4.15}{Webov\341 slu\236ba: }{section.4}% 29
\BOOKMARK [2][-]{subsection.4.16}{Webov\341 slu\236ba: }{section.4}% 30
\BOOKMARK [2][-]{subsection.4.17}{Webov\341 slu\236ba: }{section.4}% 31
\BOOKMARK [2][-]{subsection.4.18}{Webov\341 slu\236ba: }{section.4}% 32
\BOOKMARK [1][-]{section.5}{Zhrnutie}{}% 33
\BOOKMARK [1][-]{section.6}{Report pr\341c clenov t\355mu}{}% 34
\BOOKMARK [2][-]{subsection.6.1}{D\341vid Kub\355k}{section.6}% 35
\BOOKMARK [2][-]{subsection.6.2}{Martin Stano}{section.6}% 36
\BOOKMARK [2][-]{subsection.6.3}{Veronika Vcelkov\341}{section.6}% 37
